TN:
SF:/Users/fakehaiftikhar/lighthouse/React/scheduler/src/components/Application.js
FN:17,Application
FN:28,(anonymous_1)
FNF:2
FNH:1
FNDA:1,Application
FNDA:0,(anonymous_1)
DA:23,1
DA:25,1
DA:27,1
DA:29,0
DA:42,1
LF:5
LH:4
BRF:0
BRH:0
end_of_record
TN:
SF:/Users/fakehaiftikhar/lighthouse/React/scheduler/src/components/Button.js
FN:7,Button
FNF:1
FNH:1
FNDA:13,Button
DA:8,13
DA:13,13
LF:2
LH:2
BRF:0
BRH:0
end_of_record
TN:
SF:/Users/fakehaiftikhar/lighthouse/React/scheduler/src/components/DayList.js
FN:5,DayList
FN:6,(anonymous_1)
FNF:2
FNH:1
FNDA:1,DayList
FNDA:0,(anonymous_1)
DA:6,1
DA:7,0
DA:18,1
LF:3
LH:2
BRF:0
BRH:0
end_of_record
TN:
SF:/Users/fakehaiftikhar/lighthouse/React/scheduler/src/components/DayListItem.js
FN:6,formatSpots
FN:13,DayListItem
FN:22,(anonymous_2)
FNF:3
FNH:0
FNDA:0,formatSpots
FNDA:0,DayListItem
FNDA:0,(anonymous_2)
DA:7,0
DA:8,0
DA:10,0
DA:14,0
DA:19,0
DA:22,0
LF:6
LH:0
BRDA:7,0,0,0
BRDA:7,0,1,0
BRDA:8,1,0,0
BRDA:8,1,1,0
BRF:4
BRH:0
end_of_record
TN:
SF:/Users/fakehaiftikhar/lighthouse/React/scheduler/src/components/InterviewerList.js
FN:41,InterviewerList
FN:42,(anonymous_1)
FN:50,(anonymous_2)
FNF:3
FNH:2
FNDA:6,InterviewerList
FNDA:6,(anonymous_1)
FNDA:0,(anonymous_2)
DA:42,6
DA:43,6
DA:50,0
DA:55,6
DA:63,3
LF:5
LH:4
BRF:0
BRH:0
end_of_record
TN:
SF:/Users/fakehaiftikhar/lighthouse/React/scheduler/src/components/InterviewerListItem.js
FN:27,InterviewerListItem
FNF:1
FNH:1
FNDA:6,InterviewerListItem
DA:28,6
DA:32,6
DA:44,3
LF:3
LH:3
BRDA:39,0,0,6
BRDA:39,0,1,1
BRF:2
BRH:2
end_of_record
TN:
SF:/Users/fakehaiftikhar/lighthouse/React/scheduler/src/components/Appointment/Confirm.js
FN:5,Confirm
FNF:1
FNH:0
FNDA:0,Confirm
DA:6,0
LF:1
LH:0
BRF:0
BRH:0
end_of_record
TN:
SF:/Users/fakehaiftikhar/lighthouse/React/scheduler/src/components/Appointment/Empty.js
FN:3,Empty
FNF:1
FNH:1
FNDA:2,Empty
DA:4,2
LF:1
LH:1
BRF:0
BRH:0
end_of_record
TN:
SF:/Users/fakehaiftikhar/lighthouse/React/scheduler/src/components/Appointment/Error.js
FN:3,Error
FNF:1
FNH:0
FNDA:0,Error
DA:4,0
LF:1
LH:0
BRF:0
BRH:0
end_of_record
TN:
SF:/Users/fakehaiftikhar/lighthouse/React/scheduler/src/components/Appointment/Form.js
FN:23,Form
FN:27,validate
FN:40,reset
FN:45,cancel
FN:55,(anonymous_4)
FN:62,(anonymous_5)
FNF:6
FNH:2
FNDA:6,Form
FNDA:3,validate
FNDA:0,reset
FNDA:0,cancel
FNDA:0,(anonymous_4)
FNDA:0,(anonymous_5)
DA:9,3
DA:24,6
DA:25,6
DA:26,6
DA:28,3
DA:29,1
DA:30,1
DA:32,2
DA:33,1
DA:34,1
DA:37,1
DA:41,0
DA:42,0
DA:46,0
DA:47,0
DA:52,6
DA:55,0
DA:63,0
LF:18
LH:12
BRDA:24,0,0,6
BRDA:24,0,1,3
BRDA:25,1,0,6
BRDA:25,1,1,5
BRDA:28,2,0,1
BRDA:28,2,1,2
BRDA:32,3,0,1
BRDA:32,3,1,1
BRF:8
BRH:8
end_of_record
TN:
SF:/Users/fakehaiftikhar/lighthouse/React/scheduler/src/components/Appointment/Header.js
FN:3,Header
FNF:1
FNH:1
FNDA:2,Header
DA:4,2
LF:1
LH:1
BRF:0
BRH:0
end_of_record
TN:
SF:/Users/fakehaiftikhar/lighthouse/React/scheduler/src/components/Appointment/Show.js
FN:3,Show
FNF:1
FNH:0
FNDA:0,Show
DA:4,0
LF:1
LH:0
BRDA:11,0,0,0
BRDA:11,0,1,0
BRF:2
BRH:0
end_of_record
TN:
SF:/Users/fakehaiftikhar/lighthouse/React/scheduler/src/components/Appointment/Status.js
FN:3,Status
FNF:1
FNH:0
FNDA:0,Status
DA:4,0
LF:1
LH:0
BRF:0
BRH:0
end_of_record
TN:
SF:/Users/fakehaiftikhar/lighthouse/React/scheduler/src/components/Appointment/index.js
FN:24,Appointment
FN:30,save
FN:39,(anonymous_2)
FN:40,(anonymous_3)
FN:43,destroy
FN:47,(anonymous_5)
FN:48,(anonymous_6)
FN:54,(anonymous_7)
FN:58,(anonymous_8)
FN:59,(anonymous_9)
FNF:10
FNH:1
FNDA:2,Appointment
FNDA:0,save
FNDA:0,(anonymous_2)
FNDA:0,(anonymous_3)
FNDA:0,destroy
FNDA:0,(anonymous_5)
FNDA:0,(anonymous_6)
FNDA:0,(anonymous_7)
FNDA:0,(anonymous_8)
FNDA:0,(anonymous_9)
DA:12,2
DA:13,2
DA:14,2
DA:15,2
DA:16,2
DA:17,2
DA:18,2
DA:19,2
DA:20,2
DA:26,2
DA:31,0
DA:36,0
DA:37,0
DA:39,0
DA:40,0
DA:44,0
DA:45,0
DA:47,0
DA:48,0
DA:51,2
DA:54,0
DA:58,0
DA:59,0
LF:23
LH:11
BRDA:27,0,0,0
BRDA:27,0,1,2
BRDA:54,1,0,2
BRDA:54,1,1,2
BRDA:55,2,0,2
BRDA:55,2,1,0
BRDA:62,3,0,2
BRDA:62,3,1,0
BRDA:65,4,0,2
BRDA:65,4,1,0
BRDA:74,5,0,2
BRDA:74,5,1,0
BRDA:75,6,0,2
BRDA:75,6,1,0
BRDA:76,7,0,2
BRDA:76,7,1,0
BRDA:83,8,0,2
BRDA:83,8,1,0
BRDA:86,9,0,2
BRDA:86,9,1,0
BRF:20
BRH:11
end_of_record
TN:
SF:/Users/fakehaiftikhar/lighthouse/React/scheduler/src/helpers/selectors.js
FN:1,getAppointmentsForDay
FN:2,(anonymous_1)
FN:6,(anonymous_2)
FN:9,getInterviewersForDay
FN:10,(anonymous_4)
FN:14,(anonymous_5)
FN:17,getInterview
FNF:7
FNH:7
FNDA:6,getAppointmentsForDay
FNDA:6,(anonymous_1)
FNDA:8,(anonymous_2)
FNDA:6,getInterviewersForDay
FNDA:6,(anonymous_4)
FNDA:6,(anonymous_5)
FNDA:2,getInterview
DA:2,6
DA:4,6
DA:6,8
DA:10,6
DA:12,6
DA:14,6
DA:18,2
LF:7
LH:7
BRDA:4,0,0,3
BRDA:4,0,1,3
BRDA:4,1,0,6
BRDA:4,1,1,4
BRDA:12,2,0,3
BRDA:12,2,1,3
BRDA:12,3,0,6
BRDA:12,3,1,4
BRDA:19,4,0,2
BRDA:19,4,1,1
BRF:10
BRH:10
end_of_record
TN:
SF:/Users/fakehaiftikhar/lighthouse/React/scheduler/src/hooks/useApplicationData.js
FN:13,useApplicationData
FN:21,(anonymous_1)
FN:23,(anonymous_2)
FN:29,(anonymous_3)
FN:41,bookInterview
FN:42,(anonymous_5)
FN:51,cancelInterview
FN:52,(anonymous_7)
FNF:8
FNH:2
FNDA:1,useApplicationData
FNDA:0,(anonymous_1)
FNDA:1,(anonymous_2)
FNDA:0,(anonymous_3)
FNDA:0,bookInterview
FNDA:0,(anonymous_5)
FNDA:0,cancelInterview
FNDA:0,(anonymous_7)
DA:14,1
DA:21,1
DA:23,1
DA:24,1
DA:30,0
DA:39,1
DA:42,0
DA:43,0
DA:52,0
DA:53,0
DA:61,1
LF:11
LH:6
BRF:0
BRH:0
end_of_record
TN:
SF:/Users/fakehaiftikhar/lighthouse/React/scheduler/src/hooks/useRealtimeUpdate.js
FN:4,useRealtimeUpdate
FN:5,(anonymous_1)
FN:8,(anonymous_2)
FN:16,(anonymous_3)
FNF:4
FNH:3
FNDA:1,useRealtimeUpdate
FNDA:1,(anonymous_1)
FNDA:0,(anonymous_2)
FNDA:1,(anonymous_3)
DA:5,1
DA:6,1
DA:8,1
DA:9,0
DA:11,0
DA:12,0
DA:16,1
DA:17,1
LF:8
LH:5
BRDA:11,0,0,0
BRDA:11,0,1,0
BRDA:11,1,0,0
BRDA:11,1,1,0
BRF:4
BRH:0
end_of_record
TN:
SF:/Users/fakehaiftikhar/lighthouse/React/scheduler/src/hooks/useVisualMode.js
FN:3,(anonymous_0)
FN:6,transition
FN:9,(anonymous_2)
FN:11,(anonymous_3)
FN:17,back
FN:19,(anonymous_5)
FNF:6
FNH:6
FNDA:15,(anonymous_0)
FNDA:5,transition
FNDA:1,(anonymous_2)
FNDA:4,(anonymous_3)
FNDA:4,back
FNDA:3,(anonymous_5)
DA:3,4
DA:4,15
DA:8,5
DA:9,1
DA:11,4
DA:18,4
DA:19,3
DA:24,15
LF:8
LH:8
BRDA:6,0,0,4
BRDA:8,1,0,1
BRDA:8,1,1,4
BRDA:18,2,0,3
BRDA:18,2,1,1
BRF:5
BRH:5
end_of_record
TN:
SF:/Users/fakehaiftikhar/lighthouse/React/scheduler/src/reducers/application.js
FN:5,reducer
FN:27,(anonymous_1)
FN:30,(anonymous_2)
FN:34,(anonymous_3)
FNF:4
FNH:1
FNDA:1,reducer
FNDA:0,(anonymous_1)
FNDA:0,(anonymous_2)
FNDA:0,(anonymous_3)
DA:1,2
DA:2,2
DA:3,2
DA:6,1
DA:8,0
DA:10,0
DA:17,0
DA:22,0
DA:27,0
DA:28,0
DA:30,0
DA:34,0
DA:35,0
DA:43,0
DA:50,1
LF:15
LH:5
BRDA:6,0,0,0
BRDA:6,0,1,0
BRDA:6,0,2,0
BRDA:6,0,3,1
BRDA:19,1,0,0
BRDA:19,1,1,0
BRDA:30,2,0,0
BRDA:30,2,1,0
BRDA:35,3,0,0
BRDA:35,3,1,0
BRF:10
BRH:1
end_of_record
